<?xml version="1.0" encoding="UTF-8"?>
<testsuite name="StringCalculatorTest" tests="5" skipped="0" failures="0" errors="0" timestamp="2019-02-17T20:17:22" hostname="DESKTOP-ATMEA24" time="0.005">
  <properties/>
  <testcase name="singleInputShouldReturnItsValue" classname="StringCalculatorTest" time="0.002"/>
  <testcase name="newLineIsUsedBetweenNumbersShouldReturnTheirSum" classname="StringCalculatorTest" time="0.0"/>
  <testcase name="emptyStringShouldReturnZero" classname="StringCalculatorTest" time="0.0"/>
  <testcase name="twoNumbersInputShouldReturnItsSum" classname="StringCalculatorTest" time="0.001"/>
  <testcase name="anyNumberofNumbersIsUserForInputShouldReturnTheirSum" classname="StringCalculatorTest" time="0.0"/>
  <system-out><![CDATA[]]></system-out>
  <system-err><![CDATA[]]></system-err>
</testsuite>
