<?xml version="1.0" encoding="UTF-8"?>
<testsuite name="StringCalculatorTest" tests="8" skipped="0" failures="0" errors="0" timestamp="2019-02-17T21:12:15" hostname="DESKTOP-ATMEA24" time="0.022">
  <properties/>
  <testcase name="singleInputShouldReturnItsValue" classname="StringCalculatorTest" time="0.003"/>
  <testcase name="whenDelimitorChangedUsedItToSeperateInput" classname="StringCalculatorTest" time="0.01"/>
  <testcase name="whenNegativeNumberIsUsedThenExceptionIsThrown" classname="StringCalculatorTest" time="0.0"/>
  <testcase name="newLineIsUsedBetweenNumbersShouldReturnTheirSum" classname="StringCalculatorTest" time="0.0"/>
  <testcase name="emptyStringShouldReturnZero" classname="StringCalculatorTest" time="0.001"/>
  <testcase name="twoNumbersInputShouldReturnItsSum" classname="StringCalculatorTest" time="0.0"/>
  <testcase name="biggetThan1000InputShouldBeIgnored" classname="StringCalculatorTest" time="0.001"/>
  <testcase name="anyNumberofNumbersIsUserForInputShouldReturnTheirSum" classname="StringCalculatorTest" time="0.002"/>
  <system-out><![CDATA[;
]]></system-out>
  <system-err><![CDATA[]]></system-err>
</testsuite>
